<?xml version="1.0" encoding="UTF-8"?>
<testng-results ignored="0" total="11" passed="10" failed="1" skipped="0">
  <reporter-output>
  </reporter-output>
  <suite started-at="2023-09-07T13:21:43 EDT" name="Suite" finished-at="2023-09-07T13:21:43 EDT" duration-ms="135">
    <groups>
      <group name="Smoke">
        <method signature="day3.Weblogin()[pri:0, instance:test.day3@6f01b95f]" name="Weblogin" class="test.day3"/>
      </group> <!-- Smoke -->
    </groups>
    <test started-at="2023-09-07T13:21:43 EDT" name="Test" finished-at="2023-09-07T13:21:43 EDT" duration-ms="135">
      <class name="test.day4">
        <test-method is-config="true" signature="bfsuite()[pri:0, instance:test.day4@4007f65e]" started-at="2023-09-07T13:21:43 EDT" name="bfsuite" finished-at="2023-09-07T13:21:43 EDT" duration-ms="12" status="PASS">
          <reporter-output>
          </reporter-output>
        </test-method> <!-- bfsuite -->
        <test-method is-config="true" signature="beforemethod()[pri:0, instance:test.day4@4007f65e]" started-at="2023-09-07T13:21:43 EDT" name="beforemethod" finished-at="2023-09-07T13:21:43 EDT" duration-ms="0" status="PASS">
          <reporter-output>
          </reporter-output>
        </test-method> <!-- beforemethod -->
        <test-method signature="APILogin()[pri:0, instance:test.day4@4007f65e]" started-at="2023-09-07T13:21:43 EDT" name="APILogin" finished-at="2023-09-07T13:21:43 EDT" duration-ms="2" status="PASS">
          <reporter-output>
          </reporter-output>
        </test-method> <!-- APILogin -->
        <test-method is-config="true" signature="beforemethod()[pri:0, instance:test.day4@4007f65e]" started-at="2023-09-07T13:21:43 EDT" name="beforemethod" finished-at="2023-09-07T13:21:43 EDT" duration-ms="1" status="PASS">
          <reporter-output>
          </reporter-output>
        </test-method> <!-- beforemethod -->
        <test-method signature="MobileLogin()[pri:0, instance:test.day4@4007f65e]" started-at="2023-09-07T13:21:43 EDT" name="MobileLogin" finished-at="2023-09-07T13:21:43 EDT" duration-ms="2" status="PASS">
          <reporter-output>
          </reporter-output>
        </test-method> <!-- MobileLogin -->
        <test-method signature="MobileLogin1()[pri:0, instance:test.day4@4007f65e]" started-at="2023-09-07T13:21:43 EDT" name="MobileLogin1" finished-at="2023-09-07T13:21:43 EDT" duration-ms="15" status="FAIL">
          <exception class="java.lang.AssertionError">
            <message>
              <![CDATA[expected [true] but found [false]]]>
            </message>
            <full-stacktrace>
              <![CDATA[java.lang.AssertionError: expected [true] but found [false]
at org.testng.Assert.fail(Assert.java:111)
at org.testng.Assert.failNotEquals(Assert.java:1578)
at org.testng.Assert.assertTrue(Assert.java:57)
at org.testng.Assert.assertTrue(Assert.java:67)
at test.day4.MobileLogin1(day4.java:33)
at java.base/jdk.internal.reflect.NativeMethodAccessorImpl.invoke0(Native Method)
at java.base/jdk.internal.reflect.NativeMethodAccessorImpl.invoke(NativeMethodAccessorImpl.java:77)
at java.base/jdk.internal.reflect.DelegatingMethodAccessorImpl.invoke(DelegatingMethodAccessorImpl.java:43)
at java.base/java.lang.reflect.Method.invoke(Method.java:568)
at org.testng.internal.invokers.MethodInvocationHelper.invokeMethod(MethodInvocationHelper.java:139)
at org.testng.internal.invokers.TestInvoker.invokeMethod(TestInvoker.java:664)
at org.testng.internal.invokers.TestInvoker.invokeTestMethod(TestInvoker.java:227)
at org.testng.internal.invokers.MethodRunner.runInSequence(MethodRunner.java:50)
at org.testng.internal.invokers.TestInvoker$MethodInvocationAgent.invoke(TestInvoker.java:957)
at org.testng.internal.invokers.TestInvoker.invokeTestMethods(TestInvoker.java:200)
at org.testng.internal.invokers.TestMethodWorker.invokeTestMethods(TestMethodWorker.java:148)
at org.testng.internal.invokers.TestMethodWorker.run(TestMethodWorker.java:128)
at java.base/java.util.ArrayList.forEach(ArrayList.java:1511)
at org.testng.TestRunner.privateRun(TestRunner.java:848)
at org.testng.TestRunner.run(TestRunner.java:621)
at org.testng.SuiteRunner.runTest(SuiteRunner.java:443)
at org.testng.SuiteRunner.runSequentially(SuiteRunner.java:437)
at org.testng.SuiteRunner.privateRun(SuiteRunner.java:397)
at org.testng.SuiteRunner.run(SuiteRunner.java:336)
at org.testng.SuiteRunnerWorker.runSuite(SuiteRunnerWorker.java:52)
at org.testng.SuiteRunnerWorker.run(SuiteRunnerWorker.java:95)
at org.testng.TestNG.runSuitesSequentially(TestNG.java:1280)
at org.testng.TestNG.runSuitesLocally(TestNG.java:1200)
at org.testng.TestNG.runSuites(TestNG.java:1114)
at org.testng.TestNG.run(TestNG.java:1082)
at org.testng.remote.AbstractRemoteTestNG.run(AbstractRemoteTestNG.java:115)
at org.testng.remote.RemoteTestNG.initAndRun(RemoteTestNG.java:251)
at org.testng.remote.RemoteTestNG.main(RemoteTestNG.java:77)
]]>
            </full-stacktrace>
          </exception> <!-- java.lang.AssertionError -->
          <reporter-output>
          </reporter-output>
        </test-method> <!-- MobileLogin1 -->
        <test-method is-config="true" signature="beforemethod()[pri:0, instance:test.day4@4007f65e]" started-at="2023-09-07T13:21:43 EDT" name="beforemethod" finished-at="2023-09-07T13:21:43 EDT" duration-ms="0" status="PASS">
          <reporter-output>
          </reporter-output>
        </test-method> <!-- beforemethod -->
        <test-method is-config="true" signature="beforemethod()[pri:0, instance:test.day4@4007f65e]" started-at="2023-09-07T13:21:43 EDT" name="beforemethod" finished-at="2023-09-07T13:21:43 EDT" duration-ms="1" status="PASS">
          <reporter-output>
          </reporter-output>
        </test-method> <!-- beforemethod -->
        <test-method signature="Mobilelogin2()[pri:0, instance:test.day4@4007f65e]" started-at="2023-09-07T13:21:43 EDT" name="Mobilelogin2" finished-at="2023-09-07T13:21:43 EDT" duration-ms="1" status="PASS">
          <reporter-output>
          </reporter-output>
        </test-method> <!-- Mobilelogin2 -->
      </class> <!-- test.day4 -->
      <class name="test.day3">
        <test-method is-config="true" signature="beforeclass()[pri:0, instance:test.day3@6f01b95f]" started-at="2023-09-07T13:21:43 EDT" name="beforeclass" finished-at="2023-09-07T13:21:43 EDT" duration-ms="1" status="PASS">
          <reporter-output>
          </reporter-output>
        </test-method> <!-- beforeclass -->
        <test-method signature="MobileLogin(java.lang.String)[pri:0, instance:test.day3@6f01b95f]" started-at="2023-09-07T13:21:43 EDT" name="MobileLogin" finished-at="2023-09-07T13:21:43 EDT" duration-ms="2" status="PASS">
          <params>
            <param index="0">
              <value>
                <![CDATA[rahulshetty.com]]>
              </value>
            </param>
          </params>
          <reporter-output>
          </reporter-output>
        </test-method> <!-- MobileLogin -->
        <test-method signature="Weblogin()[pri:0, instance:test.day3@6f01b95f]" started-at="2023-09-07T13:21:43 EDT" name="Weblogin" finished-at="2023-09-07T13:21:43 EDT" duration-ms="2" status="PASS">
          <reporter-output>
          </reporter-output>
        </test-method> <!-- Weblogin -->
        <test-method signature="datatest(java.lang.String,java.lang.String)[pri:0, instance:test.day3@6f01b95f]" started-at="2023-09-07T13:21:43 EDT" name="datatest" data-provider="dataPro" finished-at="2023-09-07T13:21:43 EDT" duration-ms="2" status="PASS">
          <params>
            <param index="0">
              <value>
                <![CDATA[firstusername]]>
              </value>
            </param>
            <param index="1">
              <value>
                <![CDATA[firstpassword]]>
              </value>
            </param>
          </params>
          <reporter-output>
          </reporter-output>
        </test-method> <!-- datatest -->
        <test-method signature="datatest(java.lang.String,java.lang.String)[pri:0, instance:test.day3@6f01b95f]" started-at="2023-09-07T13:21:43 EDT" name="datatest" data-provider="dataPro" finished-at="2023-09-07T13:21:43 EDT" duration-ms="1" status="PASS">
          <params>
            <param index="0">
              <value>
                <![CDATA[secondusername]]>
              </value>
            </param>
            <param index="1">
              <value>
                <![CDATA[secondpassword]]>
              </value>
            </param>
          </params>
          <reporter-output>
          </reporter-output>
        </test-method> <!-- datatest -->
        <test-method signature="datatest(java.lang.String,java.lang.String)[pri:0, instance:test.day3@6f01b95f]" started-at="2023-09-07T13:21:43 EDT" name="datatest" data-provider="dataPro" finished-at="2023-09-07T13:21:43 EDT" duration-ms="1" status="PASS">
          <params>
            <param index="0">
              <value>
                <![CDATA[thirdusername]]>
              </value>
            </param>
            <param index="1">
              <value>
                <![CDATA[thirdpassword]]>
              </value>
            </param>
          </params>
          <reporter-output>
          </reporter-output>
        </test-method> <!-- datatest -->
        <test-method is-config="true" signature="lastexecution()[pri:0, instance:test.day3@6f01b95f]" started-at="2023-09-07T13:21:43 EDT" name="lastexecution" finished-at="2023-09-07T13:21:43 EDT" duration-ms="0" status="PASS">
          <reporter-output>
          </reporter-output>
        </test-method> <!-- lastexecution -->
      </class> <!-- test.day3 -->
      <class name="test.day1">
        <test-method is-config="true" signature="prerequisite()[pri:0, instance:test.day1@6c4906d3]" started-at="2023-09-07T13:21:43 EDT" name="prerequisite" finished-at="2023-09-07T13:21:43 EDT" duration-ms="0" status="PASS">
          <reporter-output>
          </reporter-output>
        </test-method> <!-- prerequisite -->
        <test-method signature="Demo2()[pri:0, instance:test.day1@6c4906d3]" started-at="2023-09-07T13:21:43 EDT" name="Demo2" finished-at="2023-09-07T13:21:43 EDT" duration-ms="7" status="PASS">
          <reporter-output>
          </reporter-output>
        </test-method> <!-- Demo2 -->
        <test-method signature="Demo()[pri:0, instance:test.day1@6c4906d3]" started-at="2023-09-07T13:21:43 EDT" name="Demo" finished-at="2023-09-07T13:21:43 EDT" depends-on-methods="test.day1.Demo2" duration-ms="1" status="PASS">
          <reporter-output>
          </reporter-output>
        </test-method> <!-- Demo -->
        <test-method is-config="true" signature="aftersuite()[pri:0, instance:test.day1@6c4906d3]" started-at="2023-09-07T13:21:43 EDT" name="aftersuite" finished-at="2023-09-07T13:21:43 EDT" duration-ms="0" status="PASS">
          <reporter-output>
          </reporter-output>
        </test-method> <!-- aftersuite -->
      </class> <!-- test.day1 -->
    </test> <!-- Test -->
  </suite> <!-- Suite -->
</testng-results>
