<?xml version="1.0" encoding="UTF-8"?>
<testng-results total="1" passed="1" failed="0" skipped="0">
  <reporter-output>
  </reporter-output>
  <suite started-at="2023-09-07T19:49:21Z" name="Default suite" finished-at="2023-09-07T19:49:21Z" duration-ms="23">
    <groups>
    </groups>
    <test started-at="2023-09-07T19:49:21Z" name="Default test" finished-at="2023-09-07T19:49:21Z" duration-ms="23">
      <class name="PS1">
        <test-method is-config="true" signature="beforeRun()[pri:0, instance:PS1@2796aeae]" started-at="2023-09-07T15:49:21Z" name="beforeRun" finished-at="2023-09-07T15:49:21Z" duration-ms="5" status="PASS">
          <reporter-output>
          </reporter-output>
        </test-method> <!-- beforeRun -->
        <test-method signature="testRun()[pri:0, instance:PS1@2796aeae]" started-at="2023-09-07T15:49:21Z" name="testRun" finished-at="2023-09-07T15:49:21Z" duration-ms="6" status="PASS">
          <reporter-output>
          </reporter-output>
        </test-method> <!-- testRun -->
        <test-method is-config="true" signature="afterRun()[pri:0, instance:PS1@2796aeae]" started-at="2023-09-07T15:49:21Z" name="afterRun" finished-at="2023-09-07T15:49:21Z" duration-ms="1" status="PASS">
          <reporter-output>
          </reporter-output>
        </test-method> <!-- afterRun -->
      </class> <!-- PS1 -->
    </test> <!-- Default test -->
  </suite> <!-- Default suite -->
</testng-results>
