<?xml version="1.0" encoding="UTF-8"?>
<!-- Generated by org.testng.reporters.JUnitXMLReporter -->
<testsuite ignored="0" hostname="DESKTOP-GOFLC1J" failures="0" tests="2" name="Test" time="49.424" errors="0" timestamp="2023-09-12T13:04:27 EDT">
  <testcase classname="rahulshettyacademy.tests.StandAloneTest2" name="submitOrder" time="17.975"/>
  <testcase classname="rahulshettyacademy.tests.StandAloneTest2" name="submitOrder" time="15.477">
    <skipped/>
  </testcase> <!-- submitOrder -->
</testsuite> <!-- Test -->
