<?xml version="1.0" encoding="UTF-8"?>
<testng-results ignored="0" total="1" passed="1" failed="0" skipped="0">
  <reporter-output>
  </reporter-output>
  <suite started-at="2023-09-12T11:44:18 EDT" name="Default suite" finished-at="2023-09-12T11:44:26 EDT" duration-ms="8354">
    <groups>
    </groups>
    <test started-at="2023-09-12T11:44:18 EDT" name="Default test" finished-at="2023-09-12T11:44:26 EDT" duration-ms="8354">
      <class name="rahulshettyacademy.ExtentReports.ExtentReportDemo">
        <test-method is-config="true" signature="config()[pri:0, instance:rahulshettyacademy.ExtentReports.ExtentReportDemo@6caf0677]" started-at="2023-09-12T11:44:18 EDT" name="config" finished-at="2023-09-12T11:44:18 EDT" duration-ms="284" status="PASS">
          <reporter-output>
          </reporter-output>
        </test-method> <!-- config -->
        <test-method signature="InitialDemo()[pri:0, instance:rahulshettyacademy.ExtentReports.ExtentReportDemo@6caf0677]" started-at="2023-09-12T11:44:18 EDT" name="InitialDemo" finished-at="2023-09-12T11:44:26 EDT" duration-ms="8021" status="PASS">
          <reporter-output>
          </reporter-output>
        </test-method> <!-- InitialDemo -->
      </class> <!-- rahulshettyacademy.ExtentReports.ExtentReportDemo -->
    </test> <!-- Default test -->
  </suite> <!-- Default suite -->
</testng-results>
