<?xml version="1.0" encoding="UTF-8"?>
<!-- Generated by org.testng.reporters.JUnitXMLReporter -->
<testsuite ignored="0" hostname="DESKTOP-GOFLC1J" failures="1" tests="4" name="day26" time="0.082" errors="0" timestamp="2023-09-07T13:15:25 EDT">
  <testcase classname="test.day4" name="APILogin" time="0.004"/>
  <testcase classname="test.day4" name="MobileLogin" time="0.0"/>
  <testcase classname="test.day4" name="MobileLogin1" time="0.014">
    <failure type="java.lang.AssertionError" message="expected [true] but found [false]">
      <![CDATA[java.lang.AssertionError: expected [true] but found [false]
at test.day4.MobileLogin1(day4.java:33)
at java.base/java.util.ArrayList.forEach(ArrayList.java:1511)
at java.base/java.util.concurrent.FutureTask.run(FutureTask.java:264)
at java.base/java.util.concurrent.ThreadPoolExecutor.runWorker(ThreadPoolExecutor.java:1136)
at java.base/java.util.concurrent.ThreadPoolExecutor$Worker.run(ThreadPoolExecutor.java:635)
at java.base/java.lang.Thread.run(Thread.java:833)
... Removed 21 stack frames]]>
    </failure>
  </testcase> <!-- MobileLogin1 -->
  <testcase classname="test.day4" name="Mobilelogin2" time="0.002"/>
</testsuite> <!-- day26 -->
