<?xml version="1.0" encoding="UTF-8"?>
<!-- Generated by org.testng.reporters.JUnitXMLReporter -->
<testsuite ignored="1" hostname="DESKTOP-GOFLC1J" failures="1" tests="11" name="Test" time="0.135" errors="0" timestamp="2023-09-07T13:21:43 EDT">
  <testcase classname="test.day1" name="Demo2" time="0.007"/>
  <testcase classname="test.day1" name="Demo" time="0.001"/>
  <testcase classname="test.day3" name="MobileLogin" time="0.002"/>
  <testcase classname="test.day3" name="Weblogin" time="0.002"/>
  <testcase classname="test.day3" name="datatest" time="0.002"/>
  <testcase classname="test.day3" name="datatest" time="0.001"/>
  <testcase classname="test.day3" name="datatest" time="0.001"/>
  <testcase classname="test.day4" name="APILogin" time="0.002"/>
  <testcase classname="test.day4" name="MobileLogin" time="0.002"/>
  <testcase classname="test.day4" name="MobileLogin1" time="0.015">
    <failure type="java.lang.AssertionError" message="expected [true] but found [false]">
      <![CDATA[java.lang.AssertionError: expected [true] but found [false]
at test.day4.MobileLogin1(day4.java:33)
at java.base/java.util.ArrayList.forEach(ArrayList.java:1511)
... Removed 31 stack frames]]>
    </failure>
  </testcase> <!-- MobileLogin1 -->
  <testcase classname="test.day4" name="Mobilelogin2" time="0.001"/>
  <testcase classname="test.day3" name="APILogin" time="0.0">
    <ignored/>
  </testcase> <!-- APILogin -->
</testsuite> <!-- Test -->
